{"level":"INFO","time":"2025-01-05T13:33:13.705+0500","caller":"PracticeServer/main.go:32","msg":"Сервер запущен: http://localhost:8080/index"}
{"level":"INFO","time":"2025-01-05T13:33:50.804+0500","caller":"users/getall.go:85","msg":"Users retrieved successfully","func":"GetAllUsers"}
{"level":"INFO","time":"2025-01-05T13:33:57.351+0500","caller":"PracticeServer/main.go:42","msg":"Получен сигнал завершения, остановка сервера..."}
{"level":"ERROR","time":"2025-01-05T13:33:57.353+0500","caller":"PracticeServer/main.go:34","msg":"Ошибка запуска сервера:","error":"http: Server closed"}
{"level":"INFO","time":"2025-01-05T13:33:57.353+0500","caller":"PracticeServer/main.go:50","msg":"Сервер успешно остановлен."}
{"level":"INFO","time":"2025-01-05T13:38:20.164+0500","caller":"PracticeServer/main.go:32","msg":"Сервер запущен: http://localhost:8080/index"}
{"level":"INFO","time":"2025-01-05T13:38:49.370+0500","caller":"PracticeServer/main.go:42","msg":"Получен сигнал завершения, остановка сервера..."}
{"level":"ERROR","time":"2025-01-05T13:38:49.370+0500","caller":"PracticeServer/main.go:34","msg":"Ошибка запуска сервера:","error":"http: Server closed"}
{"level":"INFO","time":"2025-01-05T13:38:49.370+0500","caller":"PracticeServer/main.go:50","msg":"Сервер успешно остановлен."}
{"level":"INFO","time":"2025-01-05T13:45:18.883+0500","caller":"PracticeServer/main.go:32","msg":"Сервер запущен: http://localhost:8080/index"}
{"level":"INFO","time":"2025-01-05T13:45:42.953+0500","caller":"users/create.go:37","msg":"User created successfully","name":"тиитмт","func":"CreateUser"}
{"level":"INFO","time":"2025-01-05T13:51:32.813+0500","caller":"PracticeServer/main.go:42","msg":"Получен сигнал завершения, остановка сервера..."}
{"level":"ERROR","time":"2025-01-05T13:51:32.814+0500","caller":"PracticeServer/main.go:34","msg":"Ошибка запуска сервера:","error":"http: Server closed"}
{"level":"INFO","time":"2025-01-05T13:51:32.814+0500","caller":"PracticeServer/main.go:50","msg":"Сервер успешно остановлен."}
{"level":"INFO","time":"2025-01-05T13:51:37.677+0500","caller":"PracticeServer/main.go:32","msg":"Сервер запущен: http://localhost:8080/index"}
{"level":"INFO","time":"2025-01-05T13:52:09.680+0500","caller":"users/create.go:37","msg":"User created successfully","name":"алия","func":"CreateUser"}
{"level":"INFO","time":"2025-01-05T13:52:11.562+0500","caller":"users/getall.go:85","msg":"Users retrieved successfully","func":"GetAllUsers"}
{"level":"INFO","time":"2025-01-05T13:52:44.191+0500","caller":"users/getall.go:85","msg":"Users retrieved successfully","func":"GetAllUsers"}
{"level":"INFO","time":"2025-01-05T13:52:49.882+0500","caller":"users/delete.go:25","msg":"User deleted successfully","id":"40","func":"DeleteUsers"}
{"level":"WARN","time":"2025-01-05T13:52:51.795+0500","caller":"users/getall.go:78","msg":"No users found matching the criteria"}
{"level":"WARN","time":"2025-01-05T13:53:05.985+0500","caller":"users/getall.go:78","msg":"No users found matching the criteria"}
{"level":"WARN","time":"2025-01-05T13:53:07.998+0500","caller":"users/getall.go:78","msg":"No users found matching the criteria"}
{"level":"INFO","time":"2025-01-05T13:53:15.523+0500","caller":"users/getall.go:85","msg":"Users retrieved successfully","func":"GetAllUsers"}
{"level":"INFO","time":"2025-01-05T13:55:18.932+0500","caller":"users/create.go:37","msg":"User created successfully","name":"самат","func":"CreateUser"}
{"level":"WARN","time":"2025-01-05T13:55:20.448+0500","caller":"users/getall.go:78","msg":"No users found matching the criteria"}
{"level":"INFO","time":"2025-01-05T13:55:53.105+0500","caller":"users/getall.go:85","msg":"Users retrieved successfully","func":"GetAllUsers"}
{"level":"WARN","time":"2025-01-05T13:56:11.326+0500","caller":"users/getall.go:78","msg":"No users found matching the criteria"}
{"level":"INFO","time":"2025-01-05T13:56:12.538+0500","caller":"users/getall.go:85","msg":"Users retrieved successfully","func":"GetAllUsers"}
{"level":"WARN","time":"2025-01-05T13:56:13.750+0500","caller":"users/getall.go:78","msg":"No users found matching the criteria"}
{"level":"WARN","time":"2025-01-05T13:56:15.920+0500","caller":"users/getall.go:78","msg":"No users found matching the criteria"}
{"level":"WARN","time":"2025-01-05T13:59:26.560+0500","caller":"users/getall.go:78","msg":"No users found matching the criteria"}
{"level":"WARN","time":"2025-01-05T13:59:29.060+0500","caller":"users/getall.go:78","msg":"No users found matching the criteria"}
{"level":"WARN","time":"2025-01-05T13:59:30.107+0500","caller":"users/getall.go:78","msg":"No users found matching the criteria"}
{"level":"WARN","time":"2025-01-05T13:59:34.404+0500","caller":"users/getall.go:78","msg":"No users found matching the criteria"}
{"level":"WARN","time":"2025-01-05T13:59:36.328+0500","caller":"users/getall.go:78","msg":"No users found matching the criteria"}
{"level":"WARN","time":"2025-01-05T13:59:38.025+0500","caller":"users/getall.go:78","msg":"No users found matching the criteria"}
{"level":"WARN","time":"2025-01-05T13:59:39.298+0500","caller":"users/getall.go:78","msg":"No users found matching the criteria"}
{"level":"WARN","time":"2025-01-05T13:59:41.898+0500","caller":"users/getall.go:78","msg":"No users found matching the criteria"}
{"level":"WARN","time":"2025-01-05T13:59:43.401+0500","caller":"users/getall.go:78","msg":"No users found matching the criteria"}
{"level":"WARN","time":"2025-01-05T13:59:45.222+0500","caller":"users/getall.go:78","msg":"No users found matching the criteria"}
{"level":"WARN","time":"2025-01-05T13:59:52.958+0500","caller":"users/getall.go:78","msg":"No users found matching the criteria"}
{"level":"WARN","time":"2025-01-05T14:00:04.953+0500","caller":"users/getall.go:78","msg":"No users found matching the criteria"}
{"level":"WARN","time":"2025-01-05T14:00:11.836+0500","caller":"users/getall.go:78","msg":"No users found matching the criteria"}
{"level":"INFO","time":"2025-01-05T14:00:20.787+0500","caller":"users/create.go:37","msg":"User created successfully","name":"сам","func":"CreateUser"}
{"level":"WARN","time":"2025-01-05T14:00:24.561+0500","caller":"users/getall.go:78","msg":"No users found matching the criteria"}
{"level":"INFO","time":"2025-01-05T14:24:57.030+0500","caller":"users/getall.go:85","msg":"Users retrieved successfully","func":"GetAllUsers"}
{"level":"INFO","time":"2025-01-05T14:25:03.006+0500","caller":"users/create.go:37","msg":"User created successfully","name":"сам","func":"CreateUser"}
{"level":"INFO","time":"2025-01-05T14:25:05.383+0500","caller":"users/getall.go:85","msg":"Users retrieved successfully","func":"GetAllUsers"}
{"level":"INFO","time":"2025-01-05T14:25:08.858+0500","caller":"users/getall.go:85","msg":"Users retrieved successfully","func":"GetAllUsers"}
{"level":"INFO","time":"2025-01-05T14:25:11.285+0500","caller":"users/getall.go:85","msg":"Users retrieved successfully","func":"GetAllUsers"}
{"level":"INFO","time":"2025-01-05T14:25:15.805+0500","caller":"users/getall.go:85","msg":"Users retrieved successfully","func":"GetAllUsers"}
{"level":"INFO","time":"2025-01-05T14:25:16.889+0500","caller":"users/getall.go:85","msg":"Users retrieved successfully","func":"GetAllUsers"}
{"level":"INFO","time":"2025-01-05T14:25:17.949+0500","caller":"users/getall.go:85","msg":"Users retrieved successfully","func":"GetAllUsers"}
{"level":"INFO","time":"2025-01-05T14:25:19.441+0500","caller":"users/getall.go:85","msg":"Users retrieved successfully","func":"GetAllUsers"}
{"level":"INFO","time":"2025-01-05T14:25:20.950+0500","caller":"users/getall.go:85","msg":"Users retrieved successfully","func":"GetAllUsers"}
{"level":"WARN","time":"2025-01-05T14:25:22.598+0500","caller":"users/getall.go:78","msg":"No users found matching the criteria"}
{"level":"INFO","time":"2025-01-05T14:25:24.047+0500","caller":"users/getall.go:85","msg":"Users retrieved successfully","func":"GetAllUsers"}
{"level":"INFO","time":"2025-01-05T14:25:25.877+0500","caller":"users/getall.go:85","msg":"Users retrieved successfully","func":"GetAllUsers"}
{"level":"INFO","time":"2025-01-05T14:25:28.785+0500","caller":"users/getall.go:85","msg":"Users retrieved successfully","func":"GetAllUsers"}
{"level":"INFO","time":"2025-01-05T14:25:29.806+0500","caller":"users/getall.go:85","msg":"Users retrieved successfully","func":"GetAllUsers"}
{"level":"INFO","time":"2025-01-05T14:25:30.830+0500","caller":"users/getall.go:85","msg":"Users retrieved successfully","func":"GetAllUsers"}
{"level":"INFO","time":"2025-01-05T14:31:33.559+0500","caller":"PracticeServer/main.go:42","msg":"Получен сигнал завершения, остановка сервера..."}
{"level":"ERROR","time":"2025-01-05T14:31:33.560+0500","caller":"PracticeServer/main.go:34","msg":"Ошибка запуска сервера:","error":"http: Server closed"}
{"level":"INFO","time":"2025-01-05T14:31:33.561+0500","caller":"PracticeServer/main.go:50","msg":"Сервер успешно остановлен."}
{"level":"INFO","time":"2025-01-05T14:31:40.155+0500","caller":"PracticeServer/main.go:32","msg":"Сервер запущен: http://localhost:8080/index"}
{"level":"INFO","time":"2025-01-05T14:32:47.665+0500","caller":"users/create.go:37","msg":"User created successfully","name":"aliya","func":"CreateUser"}
{"level":"INFO","time":"2025-01-05T14:32:49.301+0500","caller":"users/getall.go:85","msg":"Users retrieved successfully","func":"GetAllUsers"}
{"level":"INFO","time":"2025-01-05T14:32:56.278+0500","caller":"users/getall.go:85","msg":"Users retrieved successfully","func":"GetAllUsers"}
{"level":"INFO","time":"2025-01-05T14:33:30.721+0500","caller":"users/update.go:53","msg":"User updated successfully","func":"UpdateUsers"}
{"level":"INFO","time":"2025-01-05T14:33:32.607+0500","caller":"users/getall.go:85","msg":"Users retrieved successfully","func":"GetAllUsers"}
{"level":"INFO","time":"2025-01-05T14:33:37.109+0500","caller":"users/getall.go:85","msg":"Users retrieved successfully","func":"GetAllUsers"}
{"level":"INFO","time":"2025-01-05T14:33:47.103+0500","caller":"users/getall.go:85","msg":"Users retrieved successfully","func":"GetAllUsers"}
{"level":"INFO","time":"2025-01-05T14:33:52.352+0500","caller":"users/update.go:53","msg":"User updated successfully","func":"UpdateUsers"}
{"level":"INFO","time":"2025-01-05T14:33:54.423+0500","caller":"users/getall.go:85","msg":"Users retrieved successfully","func":"GetAllUsers"}
{"level":"INFO","time":"2025-01-05T14:34:04.970+0500","caller":"users/getbyid.go:27","msg":"successfully retrieved a user","func":"GetByIdUsers"}
{"level":"INFO","time":"2025-01-05T14:34:16.942+0500","caller":"users/getall.go:85","msg":"Users retrieved successfully","func":"GetAllUsers"}
{"level":"INFO","time":"2025-01-05T14:34:41.529+0500","caller":"users/delete.go:25","msg":"User deleted successfully","id":"44","func":"DeleteUsers"}
{"level":"INFO","time":"2025-01-05T14:34:43.307+0500","caller":"users/getall.go:85","msg":"Users retrieved successfully","func":"GetAllUsers"}
{"level":"INFO","time":"2025-01-05T14:35:07.424+0500","caller":"users/create.go:37","msg":"User created successfully","name":"aliya","func":"CreateUser"}
{"level":"INFO","time":"2025-01-05T14:35:15.761+0500","caller":"users/getall.go:85","msg":"Users retrieved successfully","func":"GetAllUsers"}
{"level":"INFO","time":"2025-01-05T14:35:38.343+0500","caller":"users/getall.go:85","msg":"Users retrieved successfully","func":"GetAllUsers"}
{"level":"INFO","time":"2025-01-05T14:36:33.699+0500","caller":"users/getall.go:85","msg":"Users retrieved successfully","func":"GetAllUsers"}
{"level":"INFO","time":"2025-01-05T14:36:49.206+0500","caller":"users/getall.go:85","msg":"Users retrieved successfully","func":"GetAllUsers"}
{"level":"INFO","time":"2025-01-05T14:40:13.353+0500","caller":"PracticeServer/main.go:42","msg":"Получен сигнал завершения, остановка сервера..."}
{"level":"INFO","time":"2025-01-05T14:40:13.355+0500","caller":"PracticeServer/main.go:50","msg":"Сервер успешно остановлен."}
{"level":"ERROR","time":"2025-01-05T14:40:13.354+0500","caller":"PracticeServer/main.go:34","msg":"Ошибка запуска сервера:","error":"http: Server closed"}
{"level":"INFO","time":"2025-01-05T14:40:17.938+0500","caller":"PracticeServer/main.go:32","msg":"Сервер запущен: http://localhost:8080/index"}
{"level":"INFO","time":"2025-01-05T14:40:34.280+0500","caller":"users/getall.go:85","msg":"Users retrieved successfully","func":"GetAllUsers"}
{"level":"INFO","time":"2025-01-05T14:40:36.373+0500","caller":"users/getall.go:85","msg":"Users retrieved successfully","func":"GetAllUsers"}
{"level":"INFO","time":"2025-01-05T14:40:46.301+0500","caller":"users/create.go:37","msg":"User created successfully","name":"ффф","func":"CreateUser"}
{"level":"INFO","time":"2025-01-05T14:40:47.745+0500","caller":"users/getall.go:85","msg":"Users retrieved successfully","func":"GetAllUsers"}
{"level":"INFO","time":"2025-01-05T14:40:54.199+0500","caller":"users/getall.go:85","msg":"Users retrieved successfully","func":"GetAllUsers"}
{"level":"INFO","time":"2025-01-05T14:40:55.302+0500","caller":"users/getall.go:85","msg":"Users retrieved successfully","func":"GetAllUsers"}
{"level":"INFO","time":"2025-01-05T14:40:59.845+0500","caller":"users/create.go:37","msg":"User created successfully","name":"ффф","func":"CreateUser"}
{"level":"INFO","time":"2025-01-05T14:41:01.282+0500","caller":"users/getall.go:85","msg":"Users retrieved successfully","func":"GetAllUsers"}
{"level":"INFO","time":"2025-01-05T14:41:05.529+0500","caller":"users/getall.go:85","msg":"Users retrieved successfully","func":"GetAllUsers"}
{"level":"INFO","time":"2025-01-05T14:41:51.651+0500","caller":"users/getall.go:85","msg":"Users retrieved successfully","func":"GetAllUsers"}
{"level":"INFO","time":"2025-01-05T14:41:53.958+0500","caller":"users/getall.go:85","msg":"Users retrieved successfully","func":"GetAllUsers"}
{"level":"ERROR","time":"2025-01-05T14:58:35.367+0500","caller":"email/email.go:105","msg":"Failed to send email to user","email":"hhjj","error":"gomail: could not send email 1: gomail: invalid address \"hhjj\": mail: missing '@' or angle-addr"}
{"level":"INFO","time":"2025-01-05T14:58:38.684+0500","caller":"email/email.go:108","msg":"Email sent successfully to user","email":"cybergoth@gmail.com"}
{"level":"ERROR","time":"2025-01-05T14:58:39.376+0500","caller":"email/email.go:105","msg":"Failed to send email to user","email":"hhjj","error":"gomail: could not send email 1: gomail: invalid address \"hhjj\": mail: missing '@' or angle-addr"}
{"level":"INFO","time":"2025-01-05T14:58:42.629+0500","caller":"email/email.go:108","msg":"Email sent successfully to user","email":"aakm25305@gmail.com"}
{"level":"ERROR","time":"2025-01-05T14:58:43.324+0500","caller":"email/email.go:105","msg":"Failed to send email to user","email":"aaa","error":"gomail: could not send email 1: gomail: invalid address \"aaa\": mail: missing '@' or angle-addr"}
{"level":"ERROR","time":"2025-01-05T14:58:44.023+0500","caller":"email/email.go:105","msg":"Failed to send email to user","email":"ячсмв","error":"gomail: could not send email 1: gomail: invalid address \"=?UTF-8?q?=D1=8F=D1=87=D1=81=D0=BC=D0=B2?=\": mail: missing '@' or angle-addr"}
{"level":"ERROR","time":"2025-01-05T14:58:44.693+0500","caller":"email/email.go:105","msg":"Failed to send email to user","email":"dvsdv","error":"gomail: could not send email 1: gomail: invalid address \"dvsdv\": mail: missing '@' or angle-addr"}
{"level":"ERROR","time":"2025-01-05T14:58:45.396+0500","caller":"email/email.go:105","msg":"Failed to send email to user","email":"bbb","error":"gomail: could not send email 1: gomail: invalid address \"bbb\": mail: missing '@' or angle-addr"}
{"level":"ERROR","time":"2025-01-05T14:58:46.099+0500","caller":"email/email.go:105","msg":"Failed to send email to user","email":"ccc","error":"gomail: could not send email 1: gomail: invalid address \"ccc\": mail: missing '@' or angle-addr"}
{"level":"ERROR","time":"2025-01-05T14:58:46.776+0500","caller":"email/email.go:105","msg":"Failed to send email to user","email":"r","error":"gomail: could not send email 1: gomail: invalid address \"r\": mail: missing '@' or angle-addr"}
{"level":"ERROR","time":"2025-01-05T14:58:47.464+0500","caller":"email/email.go:105","msg":"Failed to send email to user","email":"dvsdv","error":"gomail: could not send email 1: gomail: invalid address \"dvsdv\": mail: missing '@' or angle-addr"}
{"level":"ERROR","time":"2025-01-05T14:58:48.164+0500","caller":"email/email.go:105","msg":"Failed to send email to user","email":"ббб","error":"gomail: could not send email 1: gomail: invalid address \"=?UTF-8?q?=D0=B1=D0=B1=D0=B1?=\": mail: missing '@' or angle-addr"}
{"level":"ERROR","time":"2025-01-05T14:58:48.838+0500","caller":"email/email.go:105","msg":"Failed to send email to user","email":"ббб","error":"gomail: could not send email 1: gomail: invalid address \"=?UTF-8?q?=D0=B1=D0=B1=D0=B1?=\": mail: missing '@' or angle-addr"}
{"level":"ERROR","time":"2025-01-05T14:58:49.529+0500","caller":"email/email.go:105","msg":"Failed to send email to user","email":"б","error":"gomail: could not send email 1: gomail: invalid address \"=?UTF-8?q?=D0=B1?=\": mail: missing '@' or angle-addr"}
{"level":"ERROR","time":"2025-01-05T14:58:50.220+0500","caller":"email/email.go:105","msg":"Failed to send email to user","email":"sss","error":"gomail: could not send email 1: gomail: invalid address \"sss\": mail: missing '@' or angle-addr"}
{"level":"ERROR","time":"2025-01-05T14:58:50.902+0500","caller":"email/email.go:105","msg":"Failed to send email to user","email":"aa","error":"gomail: could not send email 1: gomail: invalid address \"aa\": mail: missing '@' or angle-addr"}
{"level":"ERROR","time":"2025-01-05T14:58:51.611+0500","caller":"email/email.go:105","msg":"Failed to send email to user","email":"ффф","error":"gomail: could not send email 1: gomail: invalid address \"=?UTF-8?q?=D1=84=D1=84=D1=84?=\": mail: missing '@' or angle-addr"}
{"level":"ERROR","time":"2025-01-05T14:58:52.291+0500","caller":"email/email.go:105","msg":"Failed to send email to user","email":"ффф","error":"gomail: could not send email 1: gomail: invalid address \"=?UTF-8?q?=D1=84=D1=84=D1=84?=\": mail: missing '@' or angle-addr"}
{"level":"INFO","time":"2025-01-05T14:58:52.291+0500","caller":"email/email.go:112","msg":"Email sent successfully","To":"all"}
{"level":"INFO","time":"2025-01-05T15:00:59.215+0500","caller":"PracticeServer/main.go:42","msg":"Получен сигнал завершения, остановка сервера..."}
{"level":"ERROR","time":"2025-01-05T15:00:59.216+0500","caller":"PracticeServer/main.go:34","msg":"Ошибка запуска сервера:","error":"http: Server closed"}
{"level":"INFO","time":"2025-01-05T15:00:59.216+0500","caller":"PracticeServer/main.go:50","msg":"Сервер успешно остановлен."}
{"level":"INFO","time":"2025-01-05T15:01:07.692+0500","caller":"PracticeServer/main.go:32","msg":"Сервер запущен: http://localhost:8080/index"}
{"level":"INFO","time":"2025-01-05T15:02:25.941+0500","caller":"users/getall.go:85","msg":"Users retrieved successfully","func":"GetAllUsers"}
{"level":"INFO","time":"2025-01-05T15:02:57.779+0500","caller":"users/getall.go:85","msg":"Users retrieved successfully","func":"GetAllUsers"}
{"level":"WARN","time":"2025-01-05T15:03:07.253+0500","caller":"users/getall.go:78","msg":"No users found matching the criteria"}
{"level":"WARN","time":"2025-01-05T15:03:10.520+0500","caller":"users/getall.go:78","msg":"No users found matching the criteria"}
{"level":"WARN","time":"2025-01-05T15:03:11.535+0500","caller":"users/getall.go:78","msg":"No users found matching the criteria"}
{"level":"INFO","time":"2025-01-05T15:03:18.747+0500","caller":"users/getall.go:85","msg":"Users retrieved successfully","func":"GetAllUsers"}
{"level":"INFO","time":"2025-01-05T15:03:35.244+0500","caller":"users/create.go:37","msg":"User created successfully","name":"samat","func":"CreateUser"}
{"level":"WARN","time":"2025-01-05T15:03:36.952+0500","caller":"users/getall.go:78","msg":"No users found matching the criteria"}
{"level":"WARN","time":"2025-01-05T15:03:40.195+0500","caller":"users/getall.go:78","msg":"No users found matching the criteria"}
{"level":"WARN","time":"2025-01-05T15:03:41.933+0500","caller":"users/getall.go:78","msg":"No users found matching the criteria"}
{"level":"WARN","time":"2025-01-05T15:03:44.156+0500","caller":"users/getall.go:78","msg":"No users found matching the criteria"}
{"level":"INFO","time":"2025-01-05T15:03:48.525+0500","caller":"users/create.go:37","msg":"User created successfully","name":"samat","func":"CreateUser"}
{"level":"WARN","time":"2025-01-05T15:03:49.985+0500","caller":"users/getall.go:78","msg":"No users found matching the criteria"}
{"level":"WARN","time":"2025-01-05T15:03:52.137+0500","caller":"users/getall.go:78","msg":"No users found matching the criteria"}
{"level":"INFO","time":"2025-01-05T15:13:10.818+0500","caller":"PracticeServer/main.go:42","msg":"Получен сигнал завершения, остановка сервера..."}
{"level":"ERROR","time":"2025-01-05T15:13:10.818+0500","caller":"PracticeServer/main.go:34","msg":"Ошибка запуска сервера:","error":"http: Server closed"}
{"level":"INFO","time":"2025-01-05T15:13:10.819+0500","caller":"PracticeServer/main.go:50","msg":"Сервер успешно остановлен."}
{"level":"INFO","time":"2025-01-05T15:13:17.797+0500","caller":"PracticeServer/main.go:32","msg":"Сервер запущен: http://localhost:8080/index"}
{"level":"INFO","time":"2025-01-05T15:14:18.460+0500","caller":"users/getall.go:85","msg":"Users retrieved successfully","func":"GetAllUsers"}
{"level":"INFO","time":"2025-01-05T15:15:15.139+0500","caller":"users/getall.go:85","msg":"Users retrieved successfully","func":"GetAllUsers"}
{"level":"INFO","time":"2025-01-05T15:19:50.161+0500","caller":"PracticeServer/main.go:42","msg":"Получен сигнал завершения, остановка сервера..."}
{"level":"ERROR","time":"2025-01-05T15:19:50.162+0500","caller":"PracticeServer/main.go:34","msg":"Ошибка запуска сервера:","error":"http: Server closed"}
{"level":"INFO","time":"2025-01-05T15:19:50.162+0500","caller":"PracticeServer/main.go:50","msg":"Сервер успешно остановлен."}
{"level":"INFO","time":"2025-01-05T15:19:54.282+0500","caller":"PracticeServer/main.go:32","msg":"Сервер запущен: http://localhost:8080/index"}
{"level":"INFO","time":"2025-01-05T15:21:52.321+0500","caller":"users/create.go:37","msg":"User created successfully","name":"ваввав","func":"CreateUser"}
{"level":"INFO","time":"2025-01-05T15:22:06.811+0500","caller":"users/create.go:37","msg":"User created successfully","name":"ваввавффф","func":"CreateUser"}
{"level":"INFO","time":"2025-01-05T15:22:18.891+0500","caller":"users/create.go:37","msg":"User created successfully","name":"ваввавфффффыы","func":"CreateUser"}
{"level":"INFO","time":"2025-01-05T15:26:07.194+0500","caller":"users/create.go:37","msg":"User created successfully","name":"asdfasf","func":"CreateUser"}
{"level":"INFO","time":"2025-01-05T15:28:03.624+0500","caller":"users/create.go:37","msg":"User created successfully","name":"фыввы","func":"CreateUser"}
{"level":"INFO","time":"2025-01-05T15:29:55.820+0500","caller":"PracticeServer/main.go:42","msg":"Получен сигнал завершения, остановка сервера..."}
{"level":"ERROR","time":"2025-01-05T15:29:55.820+0500","caller":"PracticeServer/main.go:34","msg":"Ошибка запуска сервера:","error":"http: Server closed"}
{"level":"INFO","time":"2025-01-05T15:29:55.821+0500","caller":"PracticeServer/main.go:50","msg":"Сервер успешно остановлен."}
{"level":"INFO","time":"2025-01-05T15:30:00.309+0500","caller":"PracticeServer/main.go:32","msg":"Сервер запущен: http://localhost:8080/index"}
{"level":"INFO","time":"2025-01-05T15:30:21.175+0500","caller":"users/create.go:37","msg":"User created successfully","name":"вымвмывм","func":"CreateUser"}
{"level":"INFO","time":"2025-01-05T15:35:27.328+0500","caller":"users/create.go:37","msg":"User created successfully","name":"ыы","func":"CreateUser"}
{"level":"INFO","time":"2025-01-05T15:35:28.593+0500","caller":"users/create.go:37","msg":"User created successfully","name":"ыы","func":"CreateUser"}
{"level":"INFO","time":"2025-01-05T15:35:35.573+0500","caller":"users/create.go:37","msg":"User created successfully","name":"ыы","func":"CreateUser"}
{"level":"INFO","time":"2025-01-05T15:35:36.858+0500","caller":"users/create.go:37","msg":"User created successfully","name":"ыы","func":"CreateUser"}
{"level":"INFO","time":"2025-01-05T15:53:38.593+0500","caller":"PracticeServer/main.go:42","msg":"Получен сигнал завершения, остановка сервера..."}
{"level":"ERROR","time":"2025-01-05T15:53:38.595+0500","caller":"PracticeServer/main.go:34","msg":"Ошибка запуска сервера:","error":"http: Server closed"}
{"level":"INFO","time":"2025-01-05T15:53:38.595+0500","caller":"PracticeServer/main.go:50","msg":"Сервер успешно остановлен."}
{"level":"INFO","time":"2025-01-05T15:53:42.606+0500","caller":"PracticeServer/main.go:32","msg":"Сервер запущен: http://localhost:8080/index"}
{"level":"INFO","time":"2025-01-05T15:54:01.774+0500","caller":"users/create.go:37","msg":"User created successfully","name":"счмсч","func":"CreateUser"}
{"level":"INFO","time":"2025-01-05T15:54:06.054+0500","caller":"users/getall.go:85","msg":"Users retrieved successfully","func":"GetAllUsers"}
{"level":"INFO","time":"2025-01-05T16:07:35.010+0500","caller":"users/create.go:37","msg":"User created successfully","name":"выа","func":"CreateUser"}
{"level":"INFO","time":"2025-01-05T16:07:37.836+0500","caller":"users/getall.go:85","msg":"Users retrieved successfully","func":"GetAllUsers"}
{"level":"INFO","time":"2025-01-05T16:10:20.973+0500","caller":"users/create.go:37","msg":"User created successfully","name":"выафв","func":"CreateUser"}
{"level":"INFO","time":"2025-01-05T16:10:22.407+0500","caller":"users/getall.go:85","msg":"Users retrieved successfully","func":"GetAllUsers"}
{"level":"ERROR","time":"2025-01-05T16:11:02.626+0500","caller":"users/getbyid.go:22","msg":"Failed to get user:","error":"record not found"}
{"level":"ERROR","time":"2025-01-05T16:11:03.914+0500","caller":"users/getbyid.go:22","msg":"Failed to get user:","error":"record not found"}
{"level":"ERROR","time":"2025-01-05T16:11:07.317+0500","caller":"users/getbyid.go:22","msg":"Failed to get user:","error":"record not found"}
{"level":"ERROR","time":"2025-01-05T16:11:09.986+0500","caller":"users/getbyid.go:22","msg":"Failed to get user:","error":"record not found"}
{"level":"ERROR","time":"2025-01-05T16:11:11.186+0500","caller":"users/getbyid.go:22","msg":"Failed to get user:","error":"record not found"}
{"level":"ERROR","time":"2025-01-05T16:11:15.239+0500","caller":"users/getbyid.go:22","msg":"Failed to get user:","error":"record not found"}
{"level":"ERROR","time":"2025-01-05T16:15:15.440+0500","caller":"users/getbyid.go:22","msg":"Failed to get user:","error":"record not found"}
{"level":"INFO","time":"2025-01-05T16:17:39.254+0500","caller":"users/create.go:37","msg":"User created successfully","name":"арптарпт","func":"CreateUser"}
{"level":"INFO","time":"2025-01-05T16:17:41.656+0500","caller":"users/getall.go:85","msg":"Users retrieved successfully","func":"GetAllUsers"}
{"level":"INFO","time":"2025-01-05T16:18:25.747+0500","caller":"users/update.go:53","msg":"User updated successfully","func":"UpdateUsers"}
{"level":"INFO","time":"2025-01-05T16:18:32.221+0500","caller":"users/getall.go:85","msg":"Users retrieved successfully","func":"GetAllUsers"}
{"level":"INFO","time":"2025-01-05T16:23:19.226+0500","caller":"users/create.go:37","msg":"User created successfully","name":"ямячсмячсм","func":"CreateUser"}
{"level":"INFO","time":"2025-01-05T16:23:21.874+0500","caller":"users/getall.go:85","msg":"Users retrieved successfully","func":"GetAllUsers"}
{"level":"ERROR","time":"2025-01-05T16:23:39.439+0500","caller":"users/getbyid.go:22","msg":"Failed to get user:","error":"record not found"}
{"level":"ERROR","time":"2025-01-05T16:23:46.481+0500","caller":"users/getbyid.go:22","msg":"Failed to get user:","error":"record not found"}
{"level":"INFO","time":"2025-01-06T08:05:34.938+0500","caller":"KinoTime-main/main.go:32","msg":"Сервер запущен: http://localhost:8080/index"}
{"level":"INFO","time":"2025-01-06T08:06:51.477+0500","caller":"users/create.go:37","msg":"User created successfully","name":"ds","func":"CreateUser"}
{"level":"INFO","time":"2025-01-06T08:07:11.230+0500","caller":"users/create.go:37","msg":"User created successfully","name":"ds","func":"CreateUser"}
{"level":"INFO","time":"2025-01-06T08:07:12.877+0500","caller":"users/getall.go:85","msg":"Users retrieved successfully","func":"GetAllUsers"}
{"level":"INFO","time":"2025-01-06T08:07:24.227+0500","caller":"users/getall.go:85","msg":"Users retrieved successfully","func":"GetAllUsers"}
{"level":"INFO","time":"2025-01-06T08:33:38.633+0500","caller":"KinoTime-main/main.go:42","msg":"Получен сигнал завершения, остановка сервера..."}
{"level":"ERROR","time":"2025-01-06T08:33:38.638+0500","caller":"KinoTime-main/main.go:34","msg":"Ошибка запуска сервера:","error":"http: Server closed"}
{"level":"INFO","time":"2025-01-06T08:33:38.638+0500","caller":"KinoTime-main/main.go:50","msg":"Сервер успешно остановлен."}
{"level":"INFO","time":"2025-01-06T08:33:42.945+0500","caller":"KinoTime-main/main.go:34","msg":"Сервер запущен: http://localhost:8080/index"}
{"level":"INFO","time":"2025-01-06T08:40:57.709+0500","caller":"KinoTime-main/main.go:44","msg":"Получен сигнал завершения, остановка сервера..."}
{"level":"ERROR","time":"2025-01-06T08:40:57.709+0500","caller":"KinoTime-main/main.go:36","msg":"Ошибка запуска сервера:","error":"http: Server closed"}
{"level":"INFO","time":"2025-01-06T08:40:57.710+0500","caller":"KinoTime-main/main.go:52","msg":"Сервер успешно остановлен."}
{"level":"INFO","time":"2025-01-06T08:41:49.875+0500","caller":"KinoTime-main/main.go:34","msg":"Сервер запущен: http://localhost:8080/index"}
{"level":"INFO","time":"2025-01-06T08:42:11.459+0500","caller":"users/create.go:37","msg":"User created successfully","name":"вв","func":"CreateUser"}
{"level":"INFO","time":"2025-01-06T08:42:12.823+0500","caller":"users/getall.go:85","msg":"Users retrieved successfully","func":"GetAllUsers"}
{"level":"INFO","time":"2025-01-06T08:47:41.598+0500","caller":"users/create.go:37","msg":"User created successfully","name":"ыыы","func":"CreateUser"}
{"level":"INFO","time":"2025-01-06T08:47:42.891+0500","caller":"users/getall.go:85","msg":"Users retrieved successfully","func":"GetAllUsers"}
{"level":"INFO","time":"2025-01-06T08:49:26.843+0500","caller":"users/create.go:37","msg":"User created successfully","name":"ыыыы","func":"CreateUser"}
{"level":"INFO","time":"2025-01-06T08:49:28.394+0500","caller":"users/getall.go:85","msg":"Users retrieved successfully","func":"GetAllUsers"}
{"level":"INFO","time":"2025-01-06T08:52:36.660+0500","caller":"users/getall.go:85","msg":"Users retrieved successfully","func":"GetAllUsers"}
{"level":"INFO","time":"2025-01-06T08:52:39.078+0500","caller":"users/getall.go:85","msg":"Users retrieved successfully","func":"GetAllUsers"}
{"level":"INFO","time":"2025-01-06T08:52:45.688+0500","caller":"users/getall.go:85","msg":"Users retrieved successfully","func":"GetAllUsers"}
{"level":"INFO","time":"2025-01-06T08:52:50.778+0500","caller":"users/getall.go:85","msg":"Users retrieved successfully","func":"GetAllUsers"}
{"level":"INFO","time":"2025-01-06T08:53:03.662+0500","caller":"users/getall.go:85","msg":"Users retrieved successfully","func":"GetAllUsers"}
{"level":"INFO","time":"2025-01-06T08:53:07.926+0500","caller":"users/getbyid.go:27","msg":"successfully retrieved a user","func":"GetByIdUsers"}
{"level":"INFO","time":"2025-01-06T09:19:51.994+0500","caller":"users/getall.go:85","msg":"Users retrieved successfully","func":"GetAllUsers"}
{"level":"INFO","time":"2025-01-06T09:19:58.772+0500","caller":"users/getall.go:85","msg":"Users retrieved successfully","func":"GetAllUsers"}
{"level":"INFO","time":"2025-01-06T09:20:00.975+0500","caller":"users/delete.go:25","msg":"User deleted successfully","id":"4","func":"DeleteUsers"}
{"level":"INFO","time":"2025-01-06T09:20:03.030+0500","caller":"users/getall.go:85","msg":"Users retrieved successfully","func":"GetAllUsers"}
{"level":"INFO","time":"2025-01-06T09:20:08.531+0500","caller":"users/getall.go:85","msg":"Users retrieved successfully","func":"GetAllUsers"}
{"level":"INFO","time":"2025-01-06T09:25:44.918+0500","caller":"KinoTime-main/main.go:44","msg":"Получен сигнал завершения, остановка сервера..."}
{"level":"ERROR","time":"2025-01-06T09:25:44.919+0500","caller":"KinoTime-main/main.go:36","msg":"Ошибка запуска сервера:","error":"http: Server closed"}
{"level":"INFO","time":"2025-01-06T09:25:44.919+0500","caller":"KinoTime-main/main.go:52","msg":"Сервер успешно остановлен."}
{"level":"INFO","time":"2025-01-06T09:28:06.252+0500","caller":"KinoTime-main/main.go:34","msg":"Сервер запущен: http://localhost:8080/index"}
{"level":"INFO","time":"2025-01-06T09:39:31.767+0500","caller":"users/getall.go:85","msg":"Users retrieved successfully","func":"GetAllUsers"}
{"level":"INFO","time":"2025-01-06T09:39:49.607+0500","caller":"users/getall.go:85","msg":"Users retrieved successfully","func":"GetAllUsers"}
{"level":"INFO","time":"2025-01-06T09:58:33.871+0500","caller":"KinoTime-main/main.go:44","msg":"Получен сигнал завершения, остановка сервера..."}
{"level":"ERROR","time":"2025-01-06T09:58:33.872+0500","caller":"KinoTime-main/main.go:36","msg":"Ошибка запуска сервера:","error":"http: Server closed"}
{"level":"INFO","time":"2025-01-06T09:58:33.872+0500","caller":"KinoTime-main/main.go:52","msg":"Сервер успешно остановлен."}
{"level":"INFO","time":"2025-01-06T09:58:37.901+0500","caller":"KinoTime-main/main.go:37","msg":"Сервер запущен: http://localhost:8080"}
{"level":"INFO","time":"2025-01-06T09:58:59.888+0500","caller":"email/email.go:112","msg":"Email sent successfully","To":"samatkhairulin@gmail.com"}
{"level":"INFO","time":"2025-01-06T10:43:46.656+0500","caller":"KinoTime-main/main.go:48","msg":"Остановка сервера..."}
{"level":"INFO","time":"2025-01-06T10:43:52.248+0500","caller":"KinoTime-main/main.go:37","msg":"Сервер запущен: http://localhost:8080"}
{"level":"INFO","time":"2025-01-06T10:52:31.766+0500","caller":"KinoTime-main/main.go:48","msg":"Остановка сервера..."}
{"level":"INFO","time":"2025-01-06T10:52:35.434+0500","caller":"KinoTime-main/main.go:36","msg":"Сервер запущен: http://localhost:8080"}
{"level":"INFO","time":"2025-01-06T10:53:21.416+0500","caller":"KinoTime-main/main.go:47","msg":"Остановка сервера..."}
{"level":"INFO","time":"2025-01-06T10:53:24.066+0500","caller":"KinoTime-main/main.go:36","msg":"Сервер запущен: http://localhost:8080"}
{"level":"INFO","time":"2025-01-06T10:53:50.117+0500","caller":"KinoTime-main/main.go:47","msg":"Остановка сервера..."}
{"level":"INFO","time":"2025-01-06T10:53:52.716+0500","caller":"KinoTime-main/main.go:37","msg":"Сервер запущен: http://localhost:8080"}
{"level":"INFO","time":"2025-01-06T10:55:30.056+0500","caller":"KinoTime-main/main.go:48","msg":"Остановка сервера..."}
{"level":"INFO","time":"2025-01-06T10:55:32.775+0500","caller":"KinoTime-main/main.go:46","msg":"Сервер запущен: http://localhost:8080"}
{"level":"INFO","time":"2025-01-06T11:10:56.349+0500","caller":"KinoTime-main/main.go:57","msg":"Остановка сервера..."}
{"level":"INFO","time":"2025-01-06T11:10:59.149+0500","caller":"KinoTime-main/main.go:49","msg":"Сервер запущен: http://localhost:8080"}
{"level":"INFO","time":"2025-01-06T11:12:09.846+0500","caller":"KinoTime-main/main.go:60","msg":"Получен сигнал завершения, остановка сервера..."}
{"level":"INFO","time":"2025-01-06T11:12:09.848+0500","caller":"KinoTime-main/main.go:66","msg":"Сервер успешно остановлен."}
{"level":"INFO","time":"2025-01-06T11:12:12.214+0500","caller":"KinoTime-main/main.go:34","msg":"Сервер запущен: http://localhost:8080/index"}
{"level":"INFO","time":"2025-01-06T11:12:46.285+0500","caller":"users/getall.go:85","msg":"Users retrieved successfully","func":"GetAllUsers"}
{"level":"INFO","time":"2025-01-06T11:13:08.702+0500","caller":"users/getbyid.go:27","msg":"successfully retrieved a user","func":"GetByIdUsers"}
{"level":"INFO","time":"2025-01-06T11:15:43.145+0500","caller":"KinoTime-main/main.go:44","msg":"Получен сигнал завершения, остановка сервера..."}
{"level":"ERROR","time":"2025-01-06T11:15:43.146+0500","caller":"KinoTime-main/main.go:36","msg":"Ошибка запуска сервера:","error":"http: Server closed"}
{"level":"INFO","time":"2025-01-06T11:15:43.146+0500","caller":"KinoTime-main/main.go:52","msg":"Сервер успешно остановлен."}
{"level":"INFO","time":"2025-01-06T11:15:45.948+0500","caller":"KinoTime-main/main.go:46","msg":"Сервер запущен: http://localhost:8080"}
{"level":"INFO","time":"2025-01-06T11:16:11.677+0500","caller":"email/email.go:112","msg":"Email sent successfully","To":"samatkhairulin@gmail.com"}
{"level":"INFO","time":"2025-01-06T11:16:14.777+0500","caller":"email/email.go:112","msg":"Email sent successfully","To":"samatkhairulin@gmail.com"}
{"level":"INFO","time":"2025-01-06T11:24:04.114+0500","caller":"KinoTime-main/main.go:57","msg":"Остановка сервера..."}
{"level":"INFO","time":"2025-01-06T11:24:07.066+0500","caller":"KinoTime-main/main.go:34","msg":"Сервер запущен: http://localhost:8080/index"}
{"level":"INFO","time":"2025-01-06T11:26:10.271+0500","caller":"KinoTime-main/main.go:44","msg":"Получен сигнал завершения, остановка сервера..."}
{"level":"ERROR","time":"2025-01-06T11:26:10.271+0500","caller":"KinoTime-main/main.go:36","msg":"Ошибка запуска сервера:","error":"http: Server closed"}
{"level":"INFO","time":"2025-01-06T11:26:10.271+0500","caller":"KinoTime-main/main.go:52","msg":"Сервер успешно остановлен."}
{"level":"INFO","time":"2025-01-06T11:26:12.209+0500","caller":"KinoTime-main/main.go:36","msg":"Сервер запущен: http://localhost:8080/index"}
{"level":"INFO","time":"2025-01-06T11:26:22.345+0500","caller":"users/getall.go:85","msg":"Users retrieved successfully","func":"GetAllUsers"}
{"level":"INFO","time":"2025-01-06T11:26:34.694+0500","caller":"users/getall.go:85","msg":"Users retrieved successfully","func":"GetAllUsers"}
{"level":"INFO","time":"2025-01-06T11:26:53.917+0500","caller":"users/update.go:53","msg":"User updated successfully","func":"UpdateUsers"}
{"level":"INFO","time":"2025-01-06T11:26:55.372+0500","caller":"users/getall.go:85","msg":"Users retrieved successfully","func":"GetAllUsers"}
{"level":"INFO","time":"2025-01-06T11:27:15.609+0500","caller":"users/create.go:37","msg":"User created successfully","name":"ss","func":"CreateUser"}
{"level":"INFO","time":"2025-01-06T11:28:42.636+0500","caller":"KinoTime-main/main.go:46","msg":"Получен сигнал завершения, остановка сервера..."}
{"level":"ERROR","time":"2025-01-06T11:28:42.637+0500","caller":"KinoTime-main/main.go:38","msg":"Ошибка запуска сервера:","error":"http: Server closed"}
{"level":"INFO","time":"2025-01-06T11:28:42.638+0500","caller":"KinoTime-main/main.go:54","msg":"Сервер успешно остановлен."}
{"level":"INFO","time":"2025-01-06T11:28:45.401+0500","caller":"KinoTime-main/main.go:34","msg":"Сервер запущен: http://localhost:8080/index"}
{"level":"INFO","time":"2025-01-06T11:28:54.967+0500","caller":"users/getall.go:85","msg":"Users retrieved successfully","func":"GetAllUsers"}
{"level":"ERROR","time":"2025-01-06T11:29:03.465+0500","caller":"users/getbyid.go:22","msg":"Failed to get user:","error":"record not found"}
{"level":"ERROR","time":"2025-01-06T11:29:04.500+0500","caller":"users/getbyid.go:22","msg":"Failed to get user:","error":"record not found"}
{"level":"INFO","time":"2025-01-06T11:29:16.005+0500","caller":"users/getbyid.go:27","msg":"successfully retrieved a user","func":"GetByIdUsers"}
{"level":"INFO","time":"2025-01-06T11:29:36.833+0500","caller":"email/email.go:112","msg":"Email sent successfully","To":"samatkhairulin@gmail.com"}
{"level":"INFO","time":"2025-01-06T11:29:39.914+0500","caller":"email/email.go:112","msg":"Email sent successfully","To":"samatkhairulin@gmail.com"}
{"level":"WARN","time":"2025-01-06T11:31:01.118+0500","caller":"users/getall.go:78","msg":"No users found matching the criteria"}
{"level":"WARN","time":"2025-01-06T11:31:02.251+0500","caller":"users/getall.go:78","msg":"No users found matching the criteria"}
{"level":"WARN","time":"2025-01-06T11:31:03.797+0500","caller":"users/getall.go:78","msg":"No users found matching the criteria"}
{"level":"WARN","time":"2025-01-06T11:31:13.954+0500","caller":"users/getall.go:78","msg":"No users found matching the criteria"}
{"level":"WARN","time":"2025-01-06T11:31:15.071+0500","caller":"users/getall.go:78","msg":"No users found matching the criteria"}
{"level":"WARN","time":"2025-01-06T11:31:16.105+0500","caller":"users/getall.go:78","msg":"No users found matching the criteria"}
{"level":"WARN","time":"2025-01-06T11:31:22.271+0500","caller":"users/getall.go:78","msg":"No users found matching the criteria"}
{"level":"WARN","time":"2025-01-06T11:31:26.996+0500","caller":"users/getall.go:78","msg":"No users found matching the criteria"}
{"level":"WARN","time":"2025-01-06T11:31:29.728+0500","caller":"users/getall.go:78","msg":"No users found matching the criteria"}
{"level":"WARN","time":"2025-01-06T11:31:30.774+0500","caller":"users/getall.go:78","msg":"No users found matching the criteria"}
{"level":"WARN","time":"2025-01-06T11:31:32.608+0500","caller":"users/getall.go:78","msg":"No users found matching the criteria"}
{"level":"WARN","time":"2025-01-06T11:31:33.628+0500","caller":"users/getall.go:78","msg":"No users found matching the criteria"}
{"level":"INFO","time":"2025-01-06T11:38:21.097+0500","caller":"users/getall.go:85","msg":"Users retrieved successfully","func":"GetAllUsers"}
{"level":"WARN","time":"2025-01-06T11:38:37.297+0500","caller":"users/getall.go:78","msg":"No users found matching the criteria"}
{"level":"WARN","time":"2025-01-06T11:38:38.326+0500","caller":"users/getall.go:78","msg":"No users found matching the criteria"}
{"level":"WARN","time":"2025-01-06T11:38:39.652+0500","caller":"users/getall.go:78","msg":"No users found matching the criteria"}
{"level":"WARN","time":"2025-01-06T11:38:42.240+0500","caller":"users/getall.go:78","msg":"No users found matching the criteria"}
{"level":"WARN","time":"2025-01-06T11:38:48.758+0500","caller":"users/getall.go:78","msg":"No users found matching the criteria"}
{"level":"INFO","time":"2025-01-06T11:38:54.539+0500","caller":"users/getall.go:85","msg":"Users retrieved successfully","func":"GetAllUsers"}
{"level":"INFO","time":"2025-01-06T11:38:58.535+0500","caller":"users/getall.go:85","msg":"Users retrieved successfully","func":"GetAllUsers"}
{"level":"INFO","time":"2025-01-06T11:39:13.587+0500","caller":"users/getall.go:85","msg":"Users retrieved successfully","func":"GetAllUsers"}
{"level":"WARN","time":"2025-01-06T11:39:18.276+0500","caller":"users/getall.go:78","msg":"No users found matching the criteria"}
{"level":"INFO","time":"2025-01-06T11:40:53.639+0500","caller":"KinoTime-main/main.go:44","msg":"Получен сигнал завершения, остановка сервера..."}
{"level":"ERROR","time":"2025-01-06T11:40:53.640+0500","caller":"KinoTime-main/main.go:36","msg":"Ошибка запуска сервера:","error":"http: Server closed"}
{"level":"INFO","time":"2025-01-06T11:40:53.640+0500","caller":"KinoTime-main/main.go:52","msg":"Сервер успешно остановлен."}
{"level":"INFO","time":"2025-01-06T11:41:32.600+0500","caller":"KinoTime-main/main.go:34","msg":"Сервер запущен: http://localhost:8080/index"}
{"level":"INFO","time":"2025-01-06T11:42:05.760+0500","caller":"users/getall.go:85","msg":"Users retrieved successfully","func":"GetAllUsers"}
{"level":"INFO","time":"2025-01-06T11:42:09.485+0500","caller":"users/getall.go:85","msg":"Users retrieved successfully","func":"GetAllUsers"}
{"level":"INFO","time":"2025-01-06T11:42:14.777+0500","caller":"users/getall.go:85","msg":"Users retrieved successfully","func":"GetAllUsers"}
{"level":"INFO","time":"2025-01-06T11:42:23.111+0500","caller":"users/getall.go:85","msg":"Users retrieved successfully","func":"GetAllUsers"}
{"level":"INFO","time":"2025-01-06T11:42:27.569+0500","caller":"users/getall.go:85","msg":"Users retrieved successfully","func":"GetAllUsers"}
{"level":"INFO","time":"2025-01-06T11:42:32.780+0500","caller":"users/delete.go:25","msg":"User deleted successfully","id":"15","func":"DeleteUsers"}
{"level":"INFO","time":"2025-01-06T11:42:34.321+0500","caller":"users/getall.go:85","msg":"Users retrieved successfully","func":"GetAllUsers"}
{"level":"INFO","time":"2025-01-06T11:42:37.171+0500","caller":"users/delete.go:25","msg":"User deleted successfully","id":"16","func":"DeleteUsers"}
{"level":"INFO","time":"2025-01-06T11:42:38.951+0500","caller":"users/getall.go:85","msg":"Users retrieved successfully","func":"GetAllUsers"}
{"level":"INFO","time":"2025-01-06T11:42:45.111+0500","caller":"users/delete.go:25","msg":"User deleted successfully","id":"17","func":"DeleteUsers"}
{"level":"INFO","time":"2025-01-06T11:42:47.833+0500","caller":"users/getall.go:85","msg":"Users retrieved successfully","func":"GetAllUsers"}
{"level":"INFO","time":"2025-01-06T11:43:00.571+0500","caller":"users/getall.go:85","msg":"Users retrieved successfully","func":"GetAllUsers"}
{"level":"WARN","time":"2025-01-06T11:43:12.823+0500","caller":"users/getall.go:78","msg":"No users found matching the criteria"}
{"level":"WARN","time":"2025-01-06T11:43:14.193+0500","caller":"users/getall.go:78","msg":"No users found matching the criteria"}
{"level":"WARN","time":"2025-01-06T11:43:17.031+0500","caller":"users/getall.go:78","msg":"No users found matching the criteria"}
{"level":"WARN","time":"2025-01-06T11:43:19.603+0500","caller":"users/getall.go:78","msg":"No users found matching the criteria"}
{"level":"INFO","time":"2025-01-06T11:43:23.483+0500","caller":"users/getall.go:85","msg":"Users retrieved successfully","func":"GetAllUsers"}
{"level":"INFO","time":"2025-01-06T11:43:57.533+0500","caller":"email/email.go:112","msg":"Email sent successfully","To":"samatkhairulin@gmail.com"}
{"level":"INFO","time":"2025-01-06T11:44:25.588+0500","caller":"users/getall.go:85","msg":"Users retrieved successfully","func":"GetAllUsers"}
{"level":"INFO","time":"2025-01-06T11:46:44.212+0500","caller":"users/getbyid.go:27","msg":"successfully retrieved a user","func":"GetByIdUsers"}
{"level":"INFO","time":"2025-01-06T11:47:14.162+0500","caller":"users/getbyid.go:27","msg":"successfully retrieved a user","func":"GetByIdUsers"}
{"level":"INFO","time":"2025-01-06T11:47:30.437+0500","caller":"users/getbyid.go:27","msg":"successfully retrieved a user","func":"GetByIdUsers"}
{"level":"INFO","time":"2025-01-06T11:48:48.452+0500","caller":"users/getall.go:85","msg":"Users retrieved successfully","func":"GetAllUsers"}
{"level":"INFO","time":"2025-01-06T11:48:51.664+0500","caller":"users/getall.go:85","msg":"Users retrieved successfully","func":"GetAllUsers"}
{"level":"INFO","time":"2025-01-06T11:49:03.942+0500","caller":"users/getall.go:85","msg":"Users retrieved successfully","func":"GetAllUsers"}
{"level":"INFO","time":"2025-01-06T11:49:13.637+0500","caller":"users/getall.go:85","msg":"Users retrieved successfully","func":"GetAllUsers"}
{"level":"INFO","time":"2025-01-06T11:49:17.784+0500","caller":"users/getall.go:85","msg":"Users retrieved successfully","func":"GetAllUsers"}
{"level":"INFO","time":"2025-01-06T11:49:22.447+0500","caller":"users/getall.go:85","msg":"Users retrieved successfully","func":"GetAllUsers"}
{"level":"INFO","time":"2025-01-06T11:49:24.041+0500","caller":"users/getall.go:85","msg":"Users retrieved successfully","func":"GetAllUsers"}
{"level":"INFO","time":"2025-01-06T12:01:32.189+0500","caller":"users/getall.go:85","msg":"Users retrieved successfully","func":"GetAllUsers"}
{"level":"INFO","time":"2025-01-06T12:01:34.859+0500","caller":"users/getall.go:85","msg":"Users retrieved successfully","func":"GetAllUsers"}
{"level":"INFO","time":"2025-01-06T12:01:52.850+0500","caller":"users/getall.go:85","msg":"Users retrieved successfully","func":"GetAllUsers"}
{"level":"INFO","time":"2025-01-06T12:01:54.003+0500","caller":"users/getall.go:85","msg":"Users retrieved successfully","func":"GetAllUsers"}
{"level":"INFO","time":"2025-01-06T12:02:52.965+0500","caller":"users/getall.go:85","msg":"Users retrieved successfully","func":"GetAllUsers"}
{"level":"INFO","time":"2025-01-06T12:02:54.381+0500","caller":"users/getall.go:85","msg":"Users retrieved successfully","func":"GetAllUsers"}
{"level":"INFO","time":"2025-01-06T12:03:00.090+0500","caller":"users/getall.go:85","msg":"Users retrieved successfully","func":"GetAllUsers"}
{"level":"INFO","time":"2025-01-06T12:03:02.452+0500","caller":"users/getall.go:85","msg":"Users retrieved successfully","func":"GetAllUsers"}
{"level":"INFO","time":"2025-01-06T12:03:26.152+0500","caller":"users/getbyid.go:27","msg":"successfully retrieved a user","func":"GetByIdUsers"}
{"level":"INFO","time":"2025-01-06T12:03:35.880+0500","caller":"users/getall.go:85","msg":"Users retrieved successfully","func":"GetAllUsers"}
{"level":"INFO","time":"2025-01-06T13:15:30.750+0500","caller":"KinoTime-main/main.go:44","msg":"Получен сигнал завершения, остановка сервера..."}
{"level":"ERROR","time":"2025-01-06T13:15:30.754+0500","caller":"KinoTime-main/main.go:36","msg":"Ошибка запуска сервера:","error":"http: Server closed"}
{"level":"INFO","time":"2025-01-06T13:15:30.754+0500","caller":"KinoTime-main/main.go:52","msg":"Сервер успешно остановлен."}
{"level":"INFO","time":"2025-01-06T13:15:34.663+0500","caller":"KinoTime-main/main.go:34","msg":"Сервер запущен: http://localhost:8080/index"}
{"level":"INFO","time":"2025-01-06T13:16:14.084+0500","caller":"email/email.go:112","msg":"Email sent successfully","To":"samatkhairulin@gmail.com"}
{"level":"INFO","time":"2025-01-06T13:16:42.866+0500","caller":"email/email.go:112","msg":"Email sent successfully","To":"samatkhairulin@gmail.com"}
{"level":"INFO","time":"2025-01-06T13:17:03.741+0500","caller":"users/getall.go:85","msg":"Users retrieved successfully","func":"GetAllUsers"}
{"level":"INFO","time":"2025-01-06T13:17:09.336+0500","caller":"users/getall.go:85","msg":"Users retrieved successfully","func":"GetAllUsers"}
{"level":"INFO","time":"2025-01-06T13:17:19.594+0500","caller":"users/getbyid.go:27","msg":"successfully retrieved a user","func":"GetByIdUsers"}
{"level":"WARN","time":"2025-01-06T13:18:31.345+0500","caller":"users/getall.go:78","msg":"No users found matching the criteria"}
{"level":"WARN","time":"2025-01-06T13:18:32.948+0500","caller":"users/getall.go:78","msg":"No users found matching the criteria"}
{"level":"WARN","time":"2025-01-06T13:18:35.439+0500","caller":"users/getall.go:78","msg":"No users found matching the criteria"}
{"level":"WARN","time":"2025-01-06T13:18:38.193+0500","caller":"users/getall.go:78","msg":"No users found matching the criteria"}
{"level":"INFO","time":"2025-01-06T13:18:42.811+0500","caller":"users/getall.go:85","msg":"Users retrieved successfully","func":"GetAllUsers"}
{"level":"WARN","time":"2025-01-06T13:18:52.544+0500","caller":"users/getall.go:78","msg":"No users found matching the criteria"}
{"level":"WARN","time":"2025-01-06T13:18:55.018+0500","caller":"users/getall.go:78","msg":"No users found matching the criteria"}
{"level":"WARN","time":"2025-01-06T13:18:56.073+0500","caller":"users/getall.go:78","msg":"No users found matching the criteria"}
{"level":"WARN","time":"2025-01-06T13:18:57.327+0500","caller":"users/getall.go:78","msg":"No users found matching the criteria"}
{"level":"INFO","time":"2025-01-06T13:19:23.910+0500","caller":"users/getall.go:85","msg":"Users retrieved successfully","func":"GetAllUsers"}
{"level":"INFO","time":"2025-01-06T13:19:33.605+0500","caller":"users/getall.go:85","msg":"Users retrieved successfully","func":"GetAllUsers"}
{"level":"INFO","time":"2025-01-06T13:19:35.797+0500","caller":"users/getall.go:85","msg":"Users retrieved successfully","func":"GetAllUsers"}
{"level":"INFO","time":"2025-01-06T13:19:47.155+0500","caller":"users/delete.go:25","msg":"User deleted successfully","id":"6","func":"DeleteUsers"}
{"level":"INFO","time":"2025-01-06T13:19:48.922+0500","caller":"users/getall.go:85","msg":"Users retrieved successfully","func":"GetAllUsers"}
{"level":"INFO","time":"2025-01-06T13:24:56.733+0500","caller":"users/getall.go:85","msg":"Users retrieved successfully","func":"GetAllUsers"}
{"level":"INFO","time":"2025-01-06T13:24:58.614+0500","caller":"users/getall.go:85","msg":"Users retrieved successfully","func":"GetAllUsers"}
